[36m[2020-04-15 23:58:29 DEBUG] [cli:70][39m ###############################################################################
[36m[2020-04-15 23:58:29 DEBUG] [cli:71][39m Running command 'run'
[36m[2020-04-15 23:58:29 DEBUG] [cli:75][39m Using settings file '/home/octo/.chaostoolkit/settings.yaml'
[36m[2020-04-15 23:58:31 DEBUG] [settings:24][39m The Chaos Toolkit settings file could not be found at '/home/octo/.chaostoolkit/settings.yaml'.
[36m[2020-04-15 23:58:31 DEBUG] [__init__:355][39m No controls to apply on 'loader'
[36m[2020-04-15 23:58:31 DEBUG] [__init__:355][39m No controls to apply on 'loader'
[31m[2020-04-15 23:58:31 ERROR] [cli:109][39m Path "./chaos-expérimentations/service-produit-latence-experiment-extended.json" does not exist.
[36m[2020-04-15 23:58:31 DEBUG] [cli:110][39m Path "./chaos-expérimentations/service-produit-latence-experiment-extended.json" does not exist.
[36m[2020-04-15 23:58:32 DEBUG] [cli:70][39m ###############################################################################
[36m[2020-04-15 23:58:32 DEBUG] [cli:71][39m Running command 'run'
[36m[2020-04-15 23:58:32 DEBUG] [cli:75][39m Using settings file '/home/octo/.chaostoolkit/settings.yaml'
[36m[2020-04-15 23:58:32 DEBUG] [settings:24][39m The Chaos Toolkit settings file could not be found at '/home/octo/.chaostoolkit/settings.yaml'.
[36m[2020-04-15 23:58:32 DEBUG] [__init__:355][39m No controls to apply on 'loader'
[36m[2020-04-15 23:58:32 DEBUG] [__init__:355][39m No controls to apply on 'loader'
[31m[2020-04-15 23:58:32 ERROR] [cli:109][39m Path "./chaos-expérimentations/service-produit-exception-experiment-extended.json" does not exist.
[36m[2020-04-15 23:58:32 DEBUG] [cli:110][39m Path "./chaos-expérimentations/service-produit-exception-experiment-extended.json" does not exist.
[36m[2020-04-15 23:58:33 DEBUG] [cli:70][39m ###############################################################################
[36m[2020-04-15 23:58:33 DEBUG] [cli:71][39m Running command 'run'
[36m[2020-04-15 23:58:33 DEBUG] [cli:75][39m Using settings file '/home/octo/.chaostoolkit/settings.yaml'
[36m[2020-04-15 23:58:35 DEBUG] [settings:24][39m The Chaos Toolkit settings file could not be found at '/home/octo/.chaostoolkit/settings.yaml'.
[36m[2020-04-15 23:58:35 DEBUG] [__init__:355][39m No controls to apply on 'loader'
[36m[2020-04-15 23:58:35 DEBUG] [__init__:355][39m No controls to apply on 'loader'
[31m[2020-04-15 23:58:35 ERROR] [cli:109][39m Path "./chaos-expérimentations/service-produit-custom-exception-experiment-extended.json" does not exist.
[36m[2020-04-15 23:58:35 DEBUG] [cli:110][39m Path "./chaos-expérimentations/service-produit-custom-exception-experiment-extended.json" does not exist.
[36m[2020-04-15 23:58:36 DEBUG] [cli:70][39m ###############################################################################
[36m[2020-04-15 23:58:36 DEBUG] [cli:71][39m Running command 'run'
[36m[2020-04-15 23:58:36 DEBUG] [cli:75][39m Using settings file '/home/octo/.chaostoolkit/settings.yaml'
[36m[2020-04-15 23:58:37 DEBUG] [settings:24][39m The Chaos Toolkit settings file could not be found at '/home/octo/.chaostoolkit/settings.yaml'.
[36m[2020-04-15 23:58:37 DEBUG] [__init__:355][39m No controls to apply on 'loader'
[36m[2020-04-15 23:58:37 DEBUG] [__init__:355][39m No controls to apply on 'loader'
[31m[2020-04-15 23:58:37 ERROR] [cli:109][39m Path "./chaos-expérimentations/service-produit-kill-experiment-extended.json" does not exist.
[36m[2020-04-15 23:58:37 DEBUG] [cli:110][39m Path "./chaos-expérimentations/service-produit-kill-experiment-extended.json" does not exist.
[36m[2020-04-15 23:58:38 DEBUG] [cli:70][39m ###############################################################################
[36m[2020-04-15 23:58:38 DEBUG] [cli:71][39m Running command 'run'
[36m[2020-04-15 23:58:38 DEBUG] [cli:75][39m Using settings file '/home/octo/.chaostoolkit/settings.yaml'
[36m[2020-04-15 23:58:38 DEBUG] [settings:24][39m The Chaos Toolkit settings file could not be found at '/home/octo/.chaostoolkit/settings.yaml'.
[36m[2020-04-15 23:58:38 DEBUG] [__init__:355][39m No controls to apply on 'loader'
[36m[2020-04-15 23:58:38 DEBUG] [__init__:355][39m No controls to apply on 'loader'
[31m[2020-04-15 23:58:38 ERROR] [cli:109][39m Path "./chaos-expérimentations/service-commande-latence-experiment-extended.json" does not exist.
[36m[2020-04-15 23:58:38 DEBUG] [cli:110][39m Path "./chaos-expérimentations/service-commande-latence-experiment-extended.json" does not exist.
